<?xml version="1.0" encoding="UTF-8"?>
<testsuite name="kr.ac.kopo.ctc.kopo28.board.AuthControllerTest" tests="1" skipped="0" failures="0" errors="0" timestamp="2025-08-19T05:52:56.232Z" hostname="DESKTOP-PMID8VC" time="1.378">
  <properties/>
  <testcase name="authenticate_returns_token()" classname="kr.ac.kopo.ctc.kopo28.board.AuthControllerTest" time="1.378"/>
  <system-out><![CDATA[2025-08-19T14:52:56.922+09:00  INFO 30332 --- [board] [    Test worker] o.s.mock.web.MockServletContext          : Initializing Spring TestDispatcherServlet ''
2025-08-19T14:52:56.923+09:00  INFO 30332 --- [board] [    Test worker] o.s.t.web.servlet.TestDispatcherServlet  : Initializing Servlet ''
2025-08-19T14:52:56.924+09:00  INFO 30332 --- [board] [    Test worker] o.s.t.web.servlet.TestDispatcherServlet  : Completed initialization in 1 ms
]]></system-out>
  <system-err><![CDATA[]]></system-err>
</testsuite>
